0 info it worked if it ends with ok
1 verbose cli [ 'c:\\Program Files\\nodejs\\node.exe',
1 verbose cli   'c:\\Program Files\\nodejs\\node_modules\\npm\\bin\\npm-cli.js',
1 verbose cli   'test' ]
2 info using npm@1.4.14
3 info using node@v0.10.29
4 verbose run-script [ 'pretest', 'test', 'posttest' ]
5 info pretest crap.js@0.2.1
6 info test crap.js@0.2.1
7 verbose unsafe-perm in lifecycle true
8 error Error: spawn OK
8 error     at errnoException (child_process.js:1000:11)
8 error     at Process.ChildProcess._handle.onexit (child_process.js:791:34)
9 error If you need help, you may report this *entire* log,
9 error including the npm and node versions, at:
9 error     <http://github.com/npm/npm/issues>
10 error System Windows_NT 6.2.9200
11 error command "c:\\Program Files\\nodejs\\node.exe" "c:\\Program Files\\nodejs\\node_modules\\npm\\bin\\npm-cli.js" "test"
12 error cwd c:\projects\crap.js\src
13 error node -v v0.10.29
14 error npm -v 1.4.14
15 error syscall spawn
16 error code OK
17 error errno OK
18 verbose exit [ 1, true ]
